<?xml version="1.0" encoding="UTF-8"?>
<!-- Generated by org.testng.reporters.JUnitReportReporter -->
<testsuite hostname="DESKTOP-N433JB5" failures="0" tests="1" name="com.academicjournalsOup.Testrunner.TestRunnerSignin" time="58.331" errors="0" timestamp="2020-04-13T13:18:24 IST" skipped="0">
  <testcase classname="com.academicjournalsOup.Testrunner.TestRunnerSignin" name="signinpage" time="58.331"/>
  <system-out/>
</testsuite> <!-- com.academicjournalsOup.Testrunner.TestRunnerSignin -->
