<?xml version="1.0" encoding="UTF-8"?>
<!-- Generated by org.testng.reporters.JUnitReportReporter -->
<testsuite hostname="DESKTOP-N433JB5" failures="0" tests="1" name="com.academicjournalsOup.Testrunner.TestRunner" time="216.531" errors="0" timestamp="2020-04-12T16:18:42 IST" skipped="0">
  <testcase classname="com.academicjournalsOup.Testrunner.TestRunner" name="dropdown" time="216.531"/>
  <system-out/>
</testsuite> <!-- com.academicjournalsOup.Testrunner.TestRunner -->
