<?xml version="1.0" encoding="UTF-8"?>
<!-- Generated by org.testng.reporters.JUnitReportReporter -->
<testsuite hostname="DESKTOP-N433JB5" failures="0" tests="1" name="com.academicjournalsOup.Testrunner.TestRunnerDropdownOne" time="180.919" errors="0" timestamp="2020-04-13T13:18:24 IST" skipped="0">
  <testcase classname="com.academicjournalsOup.Testrunner.TestRunnerDropdownOne" name="dropdown" time="180.919"/>
  <system-out/>
</testsuite> <!-- com.academicjournalsOup.Testrunner.TestRunnerDropdownOne -->
