<?xml version="1.0" encoding="UTF-8"?>
<!-- Generated by org.testng.reporters.JUnitReportReporter -->
<testsuite hostname="DESKTOP-N433JB5" failures="0" tests="1" name="com.academicjournalsOup.Testrunner.TestRunnerRegister" time="116.030" errors="0" timestamp="2020-04-13T13:24:58 IST" skipped="0">
  <testcase classname="com.academicjournalsOup.Testrunner.TestRunnerRegister" name="login" time="116.030"/>
  <system-out/>
</testsuite> <!-- com.academicjournalsOup.Testrunner.TestRunnerRegister -->
